<?xml version="1.0" encoding="UTF-8"?>
<!-- Generated by org.testng.reporters.JUnitReportReporter -->
<testsuite hostname="DESKTOP-LD88KNN" failures="0" tests="2" name="runner.Runner" time="27.530" errors="2" timestamp="2024-07-03T21:45:26 IST" skipped="0">
  <testcase classname="runner.Runner" name="runScenario" time="15.634">
    <error message="Cannot invoke &quot;org.openqa.selenium.JavascriptExecutor.executeScript(String, Object[])&quot; because &quot;jk&quot; is null" type="java.lang.NullPointerException">
      <![CDATA[java.lang.NullPointerException: Cannot invoke "org.openqa.selenium.JavascriptExecutor.executeScript(String, Object[])" because "jk" is null
at utilities.ScrollUpScrollDown.scrollupEle(ScrollUpScrollDown.java:19)
at pages.LoginPage.applylogin(LoginPage.java:35)
at testcases.stepdefinition.StepDefinition.i_click_on_tab(StepDefinition.java:13)
at ✽.I click on tab(classpath:testcases/login.feature:9)
]]>
    </error>
  </testcase> <!-- runScenario -->
  <system-out/>
  <testcase classname="runner.Runner" name="runScenario" time="11.896">
    <error message="Cannot invoke &quot;org.openqa.selenium.JavascriptExecutor.executeScript(String, Object[])&quot; because &quot;jk&quot; is null" type="java.lang.NullPointerException">
      <![CDATA[java.lang.NullPointerException: Cannot invoke "org.openqa.selenium.JavascriptExecutor.executeScript(String, Object[])" because "jk" is null
at utilities.ScrollUpScrollDown.scrollupEle(ScrollUpScrollDown.java:19)
at pages.LoginPage.applylogin(LoginPage.java:35)
at testcases.stepdefinition.StepDefinition.i_click_on_tab(StepDefinition.java:13)
at ✽.I click on tab(classpath:testcases/login.feature:14)
]]>
    </error>
  </testcase> <!-- runScenario -->
  <system-out/>
</testsuite> <!-- runner.Runner -->
